<?xml version="1.0" encoding="UTF-8"?>
<!-- Generated by org.testng.reporters.JUnitReportReporter -->
<testsuite hostname="DESKTOP-EI1MF8H" failures="0" tests="11" name="test.Contacts" time="193.831" errors="0" timestamp="2021-12-27T14:48:54 BDT" skipped="0">
  <testcase classname="test.Contacts" name="loginUser" time="9.000"/>
  <system-out/>
  <testcase classname="test.Contacts" name="contactList" time="12.216"/>
  <system-out/>
  <testcase classname="test.Contacts" name="search" time="17.429"/>
  <system-out/>
  <testcase classname="test.Contacts" name="addContact" time="14.275"/>
  <system-out/>
  <testcase classname="test.Contacts" name="validContactData" time="25.512"/>
  <system-out/>
  <testcase classname="test.Contacts" name="emptyContactData" time="24.836"/>
  <system-out/>
  <testcase classname="test.Contacts" name="editContact" time="29.517"/>
  <system-out/>
  <testcase classname="test.Contacts" name="removeContact" time="16.956"/>
  <system-out/>
  <testcase classname="test.Contacts" name="cancelAddNewForm" time="14.423"/>
  <system-out/>
  <testcase classname="test.Contacts" name="closeAddNewForm" time="14.560"/>
  <system-out/>
  <testcase classname="test.Contacts" name="closeEditForm" time="15.107"/>
  <system-out/>
</testsuite> <!-- test.Contacts -->
