<?xml version="1.0" encoding="UTF-8"?>
<!-- Generated by org.testng.reporters.JUnitReportReporter -->
<testsuite hostname="DESKTOP-EI1MF8H" failures="0" tests="1" name="test.Dashboard" time="16.425" errors="0" timestamp="2021-12-26T16:02:55 BDT" skipped="0">
  <testcase classname="test.Dashboard" name="validateEmailDataOnPatient" time="16.425"/>
  <system-out/>
</testsuite> <!-- test.Dashboard -->
