<?xml version="1.0" encoding="UTF-8"?>
<!-- Generated by org.testng.reporters.JUnitReportReporter -->
<testsuite hostname="DESKTOP-EI1MF8H" failures="0" tests="1" name="test.Contacts" time="20.716" errors="0" timestamp="2021-12-26T15:27:48 BDT" skipped="0">
  <testcase classname="test.Contacts" name="closeEditForm" time="20.716"/>
  <system-out/>
</testsuite> <!-- test.Contacts -->
