<?xml version="1.0" encoding="UTF-8"?>
<!-- Generated by org.testng.reporters.JUnitReportReporter -->
<testsuite hostname="DESKTOP-EI1MF8H" failures="0" tests="5" name="superAdmin.Login" time="38.166" errors="0" timestamp="2021-12-26T15:07:00 BDT" skipped="0">
  <testcase classname="superAdmin.Login" name="loginWithoutPassword" time="5.296"/>
  <system-out/>
  <testcase classname="superAdmin.Login" name="loginWithoutUsername" time="5.099"/>
  <system-out/>
  <testcase classname="superAdmin.Login" name="verifyElemntsOnPageTest" time="3.796"/>
  <system-out/>
  <testcase classname="superAdmin.Login" name="verifyLogin" time="14.716"/>
  <system-out/>
  <testcase classname="superAdmin.Login" name="invalidLoginInfo" time="9.259"/>
  <system-out/>
</testsuite> <!-- superAdmin.Login -->
