<?xml version="1.0" encoding="UTF-8"?>
<!-- Generated by org.testng.reporters.JUnitReportReporter -->
<testsuite hostname="DESKTOP-EI1MF8H" failures="0" tests="1" name="superAdmin.T" time="118.909" errors="0" timestamp="2021-12-08T14:05:58 BDT" skipped="0">
  <testcase classname="superAdmin.T" name="checkClientProfile" time="118.909"/>
  <system-out/>
</testsuite> <!-- superAdmin.T -->
