<?xml version="1.0" encoding="UTF-8"?>
<!-- Generated by org.testng.reporters.JUnitReportReporter -->
<testsuite hostname="DESKTOP-EI1MF8H" failures="0" tests="14" name="superAdmin.Clients" time="216.125" errors="0" timestamp="2022-01-08T00:29:26 BDT" skipped="0">
  <testcase classname="superAdmin.Clients" name="verifyElemntsOnPageTest" time="3.945"/>
  <system-out/>
  <testcase classname="superAdmin.Clients" name="login" time="8.937"/>
  <system-out/>
  <testcase classname="superAdmin.Clients" name="checkClientList" time="9.434"/>
  <system-out/>
  <testcase classname="superAdmin.Clients" name="checkClientProfile" time="19.324"/>
  <system-out/>
  <testcase classname="superAdmin.Clients" name="changeStatusToInactive" time="20.138"/>
  <system-out/>
  <testcase classname="superAdmin.Clients" name="changeStatusToActive" time="20.097"/>
  <system-out/>
  <testcase classname="superAdmin.Clients" name="checkLocationStatus" time="29.527"/>
  <system-out/>
  <testcase classname="superAdmin.Clients" name="checkPatientStatus" time="29.748"/>
  <system-out/>
  <testcase classname="superAdmin.Clients" name="search" time="12.579"/>
  <system-out/>
  <testcase classname="superAdmin.Clients" name="checkClientTypeList" time="18.834"/>
  <system-out/>
  <testcase classname="superAdmin.Clients" name="addNewClientGroup" time="12.723"/>
  <system-out/>
  <testcase classname="superAdmin.Clients" name="editClientGroup" time="12.015"/>
  <system-out/>
  <testcase classname="superAdmin.Clients" name="nameSort" time="9.437"/>
  <system-out/>
  <testcase classname="superAdmin.Clients" name="typeSort" time="9.387"/>
  <system-out/>
</testsuite> <!-- superAdmin.Clients -->
