<?xml version="1.0" encoding="UTF-8"?>
<!-- Generated by org.testng.reporters.JUnitReportReporter -->
<testsuite hostname="DESKTOP-EI1MF8H" failures="0" tests="1" name="superAdmin.User_profile" time="31.537" errors="0" timestamp="2022-01-06T00:37:28 BDT" skipped="0">
  <testcase classname="superAdmin.User_profile" name="changePassword" time="31.537"/>
  <system-out/>
</testsuite> <!-- superAdmin.User_profile -->
