<?xml version="1.0" encoding="UTF-8"?>
<!-- Generated by org.testng.reporters.JUnitReportReporter -->
<testsuite hostname="DESKTOP-EI1MF8H" failures="0" tests="1" name="normalUser.Calendar" time="16.105" errors="0" timestamp="2022-01-06T14:49:46 BDT" skipped="0">
  <testcase classname="normalUser.Calendar" name="loginUser" time="16.105"/>
  <system-out/>
</testsuite> <!-- normalUser.Calendar -->
