<?xml version="1.0" encoding="UTF-8"?>
<!-- Generated by org.testng.reporters.JUnitReportReporter -->
<testsuite hostname="DESKTOP-EI1MF8H" failures="0" tests="15" name="superAdmin.Patients" time="14.023" errors="1" timestamp="2021-12-26T14:11:40 BDT" skipped="13">
  <testcase classname="superAdmin.Patients" name="login" time="13.886"/>
  <system-out/>
  <testcase classname="superAdmin.Patients" name="openBrowser" time="0.137">
    <error message="unknown error: failed to change window state to &#039;normal&#039;, current state is &#039;maximized&#039;
  (Session info: chrome=96.0.4664.110)
Build info: version: &#039;4.0.0&#039;, revision: &#039;3a21814679&#039;
System info: host: &#039;DESKTOP-EI1MF8H&#039;, ip: &#039;192.168.31.17&#039;, os.name: &#039;Windows 10&#039;, os.arch: &#039;amd64&#039;, os.version: &#039;10.0&#039;, java.version: &#039;17.0.1&#039;
Driver info: org.openqa.selenium.remote.RemoteWebDriver
Command: [e797b8deeb73df8992eeba449abe32bb, maximizeCurrentWindow {}]
Capabilities {acceptInsecureCerts: false, browserName: chrome, browserVersion: 96.0.4664.110, chrome: {chromedriverVersion: 96.0.4664.45 (76e4c1bb2ab46..., userDataDir: C:\Users\tahni\AppData\Loca...}, goog:chromeOptions: {debuggerAddress: localhost:59613}, javascriptEnabled: true, networkConnectionEnabled: false, pageLoadStrategy: normal, platform: WINDOWS, platformName: WINDOWS, proxy: Proxy(), setWindowRect: true, strictFileInteractability: false, timeouts: {implicit: 0, pageLoad: 300000, script: 30000}, unhandledPromptBehavior: dismiss and notify, webauthn:extension:credBlob: true, webauthn:extension:largeBlob: true, webauthn:virtualAuthenticators: true}
Session ID: e797b8deeb73df8992eeba449abe32bb" type="org.openqa.selenium.WebDriverException">
      <![CDATA[org.openqa.selenium.WebDriverException: unknown error: failed to change window state to 'normal', current state is 'maximized'
  (Session info: chrome=96.0.4664.110)
Build info: version: '4.0.0', revision: '3a21814679'
System info: host: 'DESKTOP-EI1MF8H', ip: '192.168.31.17', os.name: 'Windows 10', os.arch: 'amd64', os.version: '10.0', java.version: '17.0.1'
Driver info: org.openqa.selenium.remote.RemoteWebDriver
Command: [e797b8deeb73df8992eeba449abe32bb, maximizeCurrentWindow {}]
Capabilities {acceptInsecureCerts: false, browserName: chrome, browserVersion: 96.0.4664.110, chrome: {chromedriverVersion: 96.0.4664.45 (76e4c1bb2ab46..., userDataDir: C:\Users\tahni\AppData\Loca...}, goog:chromeOptions: {debuggerAddress: localhost:59613}, javascriptEnabled: true, networkConnectionEnabled: false, pageLoadStrategy: normal, platform: WINDOWS, platformName: WINDOWS, proxy: Proxy(), setWindowRect: true, strictFileInteractability: false, timeouts: {implicit: 0, pageLoad: 300000, script: 30000}, unhandledPromptBehavior: dismiss and notify, webauthn:extension:credBlob: true, webauthn:extension:largeBlob: true, webauthn:virtualAuthenticators: true}
Session ID: e797b8deeb73df8992eeba449abe32bb
at java.base/jdk.internal.reflect.NativeConstructorAccessorImpl.newInstance0(Native Method)
at java.base/jdk.internal.reflect.NativeConstructorAccessorImpl.newInstance(NativeConstructorAccessorImpl.java:77)
at java.base/jdk.internal.reflect.DelegatingConstructorAccessorImpl.newInstance(DelegatingConstructorAccessorImpl.java:45)
at java.base/java.lang.reflect.Constructor.newInstanceWithCaller(Constructor.java:499)
at java.base/java.lang.reflect.Constructor.newInstance(Constructor.java:480)
at org.openqa.selenium.remote.codec.w3c.W3CHttpResponseCodec.createException(W3CHttpResponseCodec.java:200)
at org.openqa.selenium.remote.codec.w3c.W3CHttpResponseCodec.decode(W3CHttpResponseCodec.java:133)
at org.openqa.selenium.remote.codec.w3c.W3CHttpResponseCodec.decode(W3CHttpResponseCodec.java:53)
at org.openqa.selenium.remote.HttpCommandExecutor.execute(HttpCommandExecutor.java:184)
at org.openqa.selenium.remote.TracedCommandExecutor.execute(TracedCommandExecutor.java:39)
at org.openqa.selenium.remote.RemoteWebDriver.execute(RemoteWebDriver.java:559)
at org.openqa.selenium.remote.RemoteWebDriver.execute(RemoteWebDriver.java:614)
at org.openqa.selenium.remote.RemoteWebDriver.execute(RemoteWebDriver.java:618)
at org.openqa.selenium.remote.RemoteWebDriver$RemoteWebDriverOptions$RemoteWindow.maximize(RemoteWebDriver.java:928)
at superAdmin.Patients.openBrowser(Patients.java:92)
at java.base/jdk.internal.reflect.NativeMethodAccessorImpl.invoke0(Native Method)
at java.base/jdk.internal.reflect.NativeMethodAccessorImpl.invoke(NativeMethodAccessorImpl.java:77)
at java.base/jdk.internal.reflect.DelegatingMethodAccessorImpl.invoke(DelegatingMethodAccessorImpl.java:43)
at java.base/java.lang.reflect.Method.invoke(Method.java:568)
at org.testng.internal.MethodInvocationHelper.invokeMethod(MethodInvocationHelper.java:133)
at org.testng.internal.MethodInvocationHelper.invokeMethodConsideringTimeout(MethodInvocationHelper.java:62)
at org.testng.internal.ConfigInvoker.invokeConfigurationMethod(ConfigInvoker.java:385)
at org.testng.internal.ConfigInvoker.invokeConfigurations(ConfigInvoker.java:321)
at org.testng.internal.TestInvoker.runConfigMethods(TestInvoker.java:700)
at org.testng.internal.TestInvoker.invokeMethod(TestInvoker.java:527)
at org.testng.internal.TestInvoker.invokeTestMethod(TestInvoker.java:173)
at org.testng.internal.MethodRunner.runInSequence(MethodRunner.java:46)
at org.testng.internal.TestInvoker$MethodInvocationAgent.invoke(TestInvoker.java:824)
at org.testng.internal.TestInvoker.invokeTestMethods(TestInvoker.java:146)
at org.testng.internal.TestMethodWorker.invokeTestMethods(TestMethodWorker.java:146)
at org.testng.internal.TestMethodWorker.run(TestMethodWorker.java:128)
at java.base/java.util.ArrayList.forEach(ArrayList.java:1511)
at org.testng.TestRunner.privateRun(TestRunner.java:794)
at org.testng.TestRunner.run(TestRunner.java:596)
at org.testng.SuiteRunner.runTest(SuiteRunner.java:377)
at org.testng.SuiteRunner.access$000(SuiteRunner.java:28)
at org.testng.SuiteRunner$SuiteWorker.run(SuiteRunner.java:418)
at org.testng.internal.thread.ThreadUtil.lambda$execute$0(ThreadUtil.java:64)
at java.base/java.util.concurrent.FutureTask.run(FutureTask.java:264)
at java.base/java.util.concurrent.ThreadPoolExecutor.runWorker(ThreadPoolExecutor.java:1136)
at java.base/java.util.concurrent.ThreadPoolExecutor$Worker.run(ThreadPoolExecutor.java:635)
at java.base/java.lang.Thread.run(Thread.java:833)
]]>
    </error>
  </testcase> <!-- openBrowser -->
  <system-out/>
  <testcase classname="superAdmin.Patients" name="verifyElemntsOnPageTest" time="0.000">
    <skipped/>
  </testcase> <!-- verifyElemntsOnPageTest -->
  <system-out/>
  <testcase classname="superAdmin.Patients" name="verify_super_User_set_access" time="0.000">
    <skipped/>
  </testcase> <!-- verify_super_User_set_access -->
  <system-out/>
  <testcase classname="superAdmin.Patients" name="verify_changes_after_refresh_logout" time="0.000">
    <skipped/>
  </testcase> <!-- verify_changes_after_refresh_logout -->
  <system-out/>
  <testcase classname="superAdmin.Patients" name="verify_User_Group_details_in_types_table" time="0.000">
    <skipped/>
  </testcase> <!-- verify_User_Group_details_in_types_table -->
  <system-out/>
  <testcase classname="superAdmin.Patients" name="verify_edit_delete_enable_normal_user" time="0.000">
    <skipped/>
  </testcase> <!-- verify_edit_delete_enable_normal_user -->
  <system-out/>
  <testcase classname="superAdmin.Patients" name="verify_user_edit_data_Patient_page" time="0.000">
    <skipped/>
  </testcase> <!-- verify_user_edit_data_Patient_page -->
  <system-out/>
  <testcase classname="superAdmin.Patients" name="verify_edit_logs_Patient_page" time="0.000">
    <skipped/>
  </testcase> <!-- verify_edit_logs_Patient_page -->
  <system-out/>
  <testcase classname="superAdmin.Patients" name="verify_edit_changes_after_refresh_logout" time="0.000">
    <skipped/>
  </testcase> <!-- verify_edit_changes_after_refresh_logout -->
  <system-out/>
  <testcase classname="superAdmin.Patients" name="verify_edit_access_after_revoked" time="0.000">
    <skipped/>
  </testcase> <!-- verify_edit_access_after_revoked -->
  <system-out/>
  <testcase classname="superAdmin.Patients" name="verify_user_delete_data_Patient_page" time="0.000">
    <skipped/>
  </testcase> <!-- verify_user_delete_data_Patient_page -->
  <system-out/>
  <testcase classname="superAdmin.Patients" name="verify_delete_logs_Patient_page" time="0.000">
    <skipped/>
  </testcase> <!-- verify_delete_logs_Patient_page -->
  <system-out/>
  <testcase classname="superAdmin.Patients" name="verify_delete_changes_after_refresh_logout" time="0.000">
    <skipped/>
  </testcase> <!-- verify_delete_changes_after_refresh_logout -->
  <system-out/>
  <testcase classname="superAdmin.Patients" name="verify_delete_access_after_revoked" time="0.000">
    <skipped/>
  </testcase> <!-- verify_delete_access_after_revoked -->
  <system-out/>
</testsuite> <!-- superAdmin.Patients -->
