<?xml version="1.0" encoding="UTF-8"?>
<!-- Generated by org.testng.reporters.JUnitReportReporter -->
<testsuite hostname="DESKTOP-EI1MF8H" failures="0" tests="1" name="test.Logout" time="23.679" errors="0" timestamp="2021-11-27T20:43:23 BDT" skipped="0">
  <testcase classname="test.Logout" name="logout" time="23.679"/>
  <system-out/>
</testsuite> <!-- test.Logout -->
