<?xml version="1.0" encoding="UTF-8"?>
<!-- Generated by org.testng.reporters.JUnitReportReporter -->
<testsuite hostname="DESKTOP-EI1MF8H" failures="0" tests="1" name="test.LoginTest" time="12.832" errors="0" timestamp="2021-12-02T17:50:20 BDT" skipped="0">
  <testcase classname="test.LoginTest" name="loginWithoutPassword" time="12.832"/>
  <system-out/>
</testsuite> <!-- test.LoginTest -->
