<?xml version="1.0" encoding="UTF-8"?>
<!-- Generated by org.testng.reporters.JUnitReportReporter -->
<testsuite hostname="DESKTOP-EI1MF8H" failures="0" tests="1" name="test.Locations" time="26.529" errors="0" timestamp="2021-12-26T16:14:00 BDT" skipped="0">
  <testcase classname="test.Locations" name="validLocationData" time="26.529"/>
  <system-out/>
</testsuite> <!-- test.Locations -->
