<?xml version="1.0" encoding="UTF-8"?>
<!-- Generated by org.testng.reporters.JUnitReportReporter -->
<testsuite hostname="DESKTOP-EI1MF8H" failures="0" tests="1" name="normalUser.Registration" time="41.469" errors="0" timestamp="2022-01-07T23:23:56 BDT" skipped="0">
  <testcase classname="normalUser.Registration" name="validRegistrationTest" time="41.469"/>
  <system-out/>
</testsuite> <!-- normalUser.Registration -->
