<?xml version="1.0" encoding="UTF-8"?>
<!-- Generated by org.testng.reporters.JUnitReportReporter -->
<testsuite hostname="DESKTOP-EI1MF8H" failures="0" tests="1" name="superAdmin.Locations" time="51.630" errors="0" timestamp="2022-01-04T22:00:12 BDT" skipped="0">
  <testcase classname="superAdmin.Locations" name="cancelButton" time="51.630"/>
  <system-out/>
</testsuite> <!-- superAdmin.Locations -->
