<?xml version="1.0" encoding="UTF-8"?>
<!-- Generated by org.testng.reporters.JUnitReportReporter -->
<testsuite hostname="DESKTOP-EI1MF8H" failures="0" tests="1" name="test.Locations" time="37.649" errors="0" timestamp="2021-12-27T16:11:37 BDT" skipped="0">
  <testcase classname="test.Locations" name="emptyPatientInfofromLocation" time="37.649"/>
  <system-out/>
</testsuite> <!-- test.Locations -->
