<?xml version="1.0" encoding="UTF-8"?>
<!-- Generated by org.testng.reporters.JUnitReportReporter -->
<testsuite hostname="DESKTOP-EI1MF8H" failures="0" tests="1" name="test.Locations" time="26.830" errors="0" timestamp="2021-12-28T15:45:24 BDT" skipped="0">
  <testcase classname="test.Locations" name="deleteLocationInfo" time="26.830"/>
  <system-out/>
</testsuite> <!-- test.Locations -->
