<?xml version="1.0" encoding="UTF-8"?>
<!-- Generated by org.testng.reporters.JUnitReportReporter -->
<testsuite hostname="DESKTOP-EI1MF8H" failures="0" tests="5" name="superAdmin.Login" time="36.757" errors="0" timestamp="2022-01-08T00:29:26 BDT" skipped="0">
  <testcase classname="superAdmin.Login" name="verifyElemntsOnPageTest" time="3.838"/>
  <system-out/>
  <testcase classname="superAdmin.Login" name="verifyLogin" time="8.893"/>
  <system-out/>
  <testcase classname="superAdmin.Login" name="loginWithoutUsername" time="5.179"/>
  <system-out/>
  <testcase classname="superAdmin.Login" name="loginWithoutPassword" time="5.427"/>
  <system-out/>
  <testcase classname="superAdmin.Login" name="invalidLoginInfo" time="13.420"/>
  <system-out/>
</testsuite> <!-- superAdmin.Login -->
