<?xml version="1.0" encoding="UTF-8"?>
<!-- Generated by org.testng.reporters.JUnitReportReporter -->
<testsuite hostname="DESKTOP-EI1MF8H" failures="0" tests="15" name="superAdmin.Locations" time="276.705" errors="0" timestamp="2022-01-02T14:54:05 BDT" skipped="0">
  <testcase classname="superAdmin.Locations" name="verifyElemntsOnPageTest" time="0.840"/>
  <system-out/>
  <testcase classname="superAdmin.Locations" name="login" time="6.389"/>
  <system-out/>
  <testcase classname="superAdmin.Locations" name="checkLocationList" time="10.991"/>
  <system-out/>
  <testcase classname="superAdmin.Locations" name="search" time="14.304"/>
  <system-out/>
  <testcase classname="superAdmin.Locations" name="patientFromLocation" time="17.439"/>
  <system-out/>
  <testcase classname="superAdmin.Locations" name="contactFromLocation" time="20.052"/>
  <system-out/>
  <testcase classname="superAdmin.Locations" name="locationTypes" time="14.072"/>
  <system-out/>
  <testcase classname="superAdmin.Locations" name="updateTypes" time="83.481"/>
  <system-out/>
  <testcase classname="superAdmin.Locations" name="resetButton" time="17.758"/>
  <system-out/>
  <testcase classname="superAdmin.Locations" name="addNewLocationType" time="20.757"/>
  <system-out/>
  <testcase classname="superAdmin.Locations" name="cancelButton" time="15.603"/>
  <system-out/>
  <testcase classname="superAdmin.Locations" name="addressWiseSort" time="11.187"/>
  <system-out/>
  <testcase classname="superAdmin.Locations" name="statusWiseSort" time="11.368"/>
  <system-out/>
  <testcase classname="superAdmin.Locations" name="nameWiseTypeSort" time="16.239"/>
  <system-out/>
  <testcase classname="superAdmin.Locations" name="acronymWiseTypeSort" time="16.225"/>
  <system-out/>
</testsuite> <!-- superAdmin.Locations -->
