<?xml version="1.0" encoding="UTF-8"?>
<!-- Generated by org.testng.reporters.JUnitReportReporter -->
<testsuite hostname="DESKTOP-EI1MF8H" failures="0" tests="1" name="superAdmin.testing" time="58.370" errors="0" timestamp="2021-12-23T23:52:49 BDT" skipped="0">
  <testcase classname="superAdmin.testing" name="verify_super_User_set_access" time="58.370"/>
  <system-out/>
</testsuite> <!-- superAdmin.testing -->
