<?xml version="1.0" encoding="UTF-8"?>
<!-- Generated by org.testng.reporters.JUnitReportReporter -->
<testsuite hostname="DESKTOP-EI1MF8H" failures="0" tests="2" name="test.Logout" time="29.997" errors="0" timestamp="2021-12-27T14:48:54 BDT" skipped="0">
  <testcase classname="test.Logout" name="loginUser" time="8.993"/>
  <system-out/>
  <testcase classname="test.Logout" name="logout" time="21.004"/>
  <system-out/>
</testsuite> <!-- test.Logout -->
