<?xml version="1.0" encoding="UTF-8"?>
<!-- Generated by org.testng.reporters.JUnitReportReporter -->
<testsuite hostname="DESKTOP-EI1MF8H" failures="0" tests="8" name="test.Dashboard" time="242.275" errors="0" timestamp="2021-11-28T14:58:20 BDT" skipped="0">
  <testcase classname="test.Dashboard" name="invalidLocationData" time="53.454"/>
  <system-out/>
  <testcase classname="test.Dashboard" name="addLocation" time="23.825"/>
  <system-out/>
  <testcase classname="test.Dashboard" name="validateEmailData" time="24.064"/>
  <system-out/>
  <testcase classname="test.Dashboard" name="addPatient" time="34.092"/>
  <system-out/>
  <testcase classname="test.Dashboard" name="addPatientWithEmpty" time="33.328"/>
  <system-out/>
  <testcase classname="test.Dashboard" name="loginUser" time="10.895"/>
  <system-out/>
  <testcase classname="test.Dashboard" name="validLocationData" time="46.002"/>
  <system-out/>
  <testcase classname="test.Dashboard" name="validateEmailDataOnPatient" time="16.615"/>
  <system-out/>
</testsuite> <!-- test.Dashboard -->
