<?xml version="1.0" encoding="UTF-8"?>
<!-- Generated by org.testng.reporters.JUnitReportReporter -->
<testsuite hostname="DESKTOP-EI1MF8H" failures="0" tests="15" name="test.Locations" time="617.647" errors="0" timestamp="2021-11-28T15:08:52 BDT" skipped="0">
  <testcase classname="test.Locations" name="editLocationInfo" time="33.843"/>
  <system-out/>
  <testcase classname="test.Locations" name="emptyPatientInfofromLocation" time="72.648"/>
  <system-out/>
  <testcase classname="test.Locations" name="deleteLocationInfo" time="28.606"/>
  <system-out/>
  <testcase classname="test.Locations" name="loginUser" time="10.922"/>
  <system-out/>
  <testcase classname="test.Locations" name="addLocation" time="19.813"/>
  <system-out/>
  <testcase classname="test.Locations" name="validLocationData" time="54.546"/>
  <system-out/>
  <testcase classname="test.Locations" name="addPatientfromLocation" time="74.953"/>
  <system-out/>
  <testcase classname="test.Locations" name="validatePhoneEmailData" time="46.413"/>
  <system-out/>
  <testcase classname="test.Locations" name="search" time="21.531"/>
  <system-out/>
  <testcase classname="test.Locations" name="validateCancelButton" time="29.142"/>
  <system-out/>
  <testcase classname="test.Locations" name="addContactEmptyLocation" time="64.138"/>
  <system-out/>
  <testcase classname="test.Locations" name="addContactfromLocation" time="70.102"/>
  <system-out/>
  <testcase classname="test.Locations" name="invalidLocationData" time="47.920"/>
  <system-out/>
  <testcase classname="test.Locations" name="locationList" time="15.932"/>
  <system-out/>
  <testcase classname="test.Locations" name="validateBackButton" time="27.138"/>
  <system-out/>
</testsuite> <!-- test.Locations -->
