<?xml version="1.0" encoding="UTF-8"?>
<!-- Generated by org.testng.reporters.JUnitReportReporter -->
<testsuite hostname="DESKTOP-EI1MF8H" failures="0" tests="1" name="normalUser.LoginTest" time="21.980" errors="0" timestamp="2022-01-07T21:55:56 BDT" skipped="0">
  <testcase classname="normalUser.LoginTest" name="loginWithoutUsername" time="21.980"/>
  <system-out/>
</testsuite> <!-- normalUser.LoginTest -->
