<?xml version="1.0" encoding="UTF-8"?>
<!-- Generated by org.testng.reporters.JUnitReportReporter -->
<testsuite hostname="DESKTOP-EI1MF8H" failures="0" tests="5" name="test.LoginTest" time="35.042" errors="0" timestamp="2021-12-27T14:48:54 BDT" skipped="0">
  <testcase classname="test.LoginTest" name="verifyElemntsOnPageTest" time="10.170"/>
  <system-out/>
  <testcase classname="test.LoginTest" name="verifyLogin" time="9.814"/>
  <system-out/>
  <testcase classname="test.LoginTest" name="loginWithoutUsername" time="5.418"/>
  <system-out/>
  <testcase classname="test.LoginTest" name="loginWithoutPassword" time="5.151"/>
  <system-out/>
  <testcase classname="test.LoginTest" name="loginWithEmptyField" time="4.489"/>
  <system-out/>
</testsuite> <!-- test.LoginTest -->
