<?xml version="1.0" encoding="UTF-8"?>
<!-- Generated by org.testng.reporters.JUnitReportReporter -->
<testsuite hostname="DESKTOP-EI1MF8H" failures="0" tests="1" name="test.RegistrationTest" time="8.030" errors="0" timestamp="2021-11-11T18:16:52 BDT" skipped="0">
  <testcase classname="test.RegistrationTest" name="testing" time="8.030"/>
  <system-out/>
</testsuite> <!-- test.RegistrationTest -->
