<?xml version="1.0" encoding="UTF-8"?>
<!-- Generated by org.testng.reporters.JUnitReportReporter -->
<testsuite hostname="DESKTOP-EI1MF8H" failures="0" tests="1" name="test.Users" time="47.515" errors="0" timestamp="2021-11-27T23:55:39 BDT" skipped="0">
  <testcase classname="test.Users" name="resetButton" time="47.515"/>
  <system-out/>
</testsuite> <!-- test.Users -->
