<?xml version="1.0" encoding="UTF-8"?>
<!-- Generated by org.testng.reporters.JUnitReportReporter -->
<testsuite hostname="DESKTOP-EI1MF8H" failures="0" tests="7" name="test.User_Profile" time="219.454" errors="0" timestamp="2021-12-28T22:23:18 BDT" skipped="0">
  <testcase classname="test.User_Profile" name="loginUser" time="8.848"/>
  <system-out/>
  <testcase classname="test.User_Profile" name="userProfile" time="13.986"/>
  <system-out/>
  <testcase classname="test.User_Profile" name="addPhone" time="101.263"/>
  <system-out/>
  <testcase classname="test.User_Profile" name="addGender" time="20.609"/>
  <system-out/>
  <testcase classname="test.User_Profile" name="updateEmail" time="23.070"/>
  <system-out/>
  <testcase classname="test.User_Profile" name="addAddress" time="27.685"/>
  <system-out/>
  <testcase classname="test.User_Profile" name="changePassword" time="23.993"/>
  <system-out/>
</testsuite> <!-- test.User_Profile -->
