<?xml version="1.0" encoding="UTF-8"?>
<!-- Generated by org.testng.reporters.JUnitReportReporter -->
<testsuite hostname="DESKTOP-EI1MF8H" failures="0" tests="1" name="test.Patients" time="38.520" errors="0" timestamp="2021-12-06T00:35:11 BDT" skipped="0">
  <testcase classname="test.Patients" name="deletePatientInfo" time="38.520"/>
  <system-out/>
</testsuite> <!-- test.Patients -->
