<?xml version="1.0" encoding="UTF-8"?>
<!-- Generated by org.testng.reporters.JUnitReportReporter -->
<testsuite hostname="DESKTOP-EI1MF8H" failures="0" tests="1" name="superAdmin.Login" time="12.458" errors="0" timestamp="2021-12-07T10:38:01 BDT" skipped="0">
  <testcase classname="superAdmin.Login" name="loginWithoutPassword" time="12.458"/>
  <system-out/>
</testsuite> <!-- superAdmin.Login -->
