<?xml version="1.0" encoding="UTF-8"?>
<!-- Generated by org.testng.reporters.JUnitReportReporter -->
<testsuite hostname="DESKTOP-EI1MF8H" failures="0" tests="11" name="test.Users" time="259.191" errors="0" timestamp="2021-12-28T16:34:18 BDT" skipped="0">
  <testcase classname="test.Users" name="loginUser" time="8.962"/>
  <system-out/>
  <testcase classname="test.Users" name="userList" time="14.211"/>
  <system-out/>
  <testcase classname="test.Users" name="addUser" time="23.726"/>
  <system-out/>
  <testcase classname="test.Users" name="validUserData" time="32.254"/>
  <system-out/>
  <testcase classname="test.Users" name="existedUser" time="28.245"/>
  <system-out/>
  <testcase classname="test.Users" name="validateNewUser" time="27.886"/>
  <system-out/>
  <testcase classname="test.Users" name="resetButton" time="29.225"/>
  <system-out/>
  <testcase classname="test.Users" name="cancelButton" time="25.776"/>
  <system-out/>
  <testcase classname="test.Users" name="closeButton" time="25.671"/>
  <system-out/>
  <testcase classname="test.Users" name="search" time="19.443"/>
  <system-out/>
  <testcase classname="test.Users" name="profileOfUser" time="23.792"/>
  <system-out/>
</testsuite> <!-- test.Users -->
