<?xml version="1.0" encoding="UTF-8"?>
<!-- Generated by org.testng.reporters.JUnitReportReporter -->
<testsuite hostname="DESKTOP-EI1MF8H" failures="0" tests="15" name="superAdmin.Clients" time="7.151" errors="1" timestamp="2022-01-02T22:13:07 BDT" skipped="14">
  <testcase classname="superAdmin.Clients" name="setup" time="7.151">
    <error message="Could not start a new session. Response code 500. Message: Unable to create new service: GeckoDriverService
Build info: version: &#039;3.5.3&#039;, revision: &#039;a88d25fe6b&#039;, time: &#039;2017-08-29T12:54:15.039Z&#039;
System info: host: &#039;DESKTOP-EI1MF8H&#039;, ip: &#039;192.168.31.17&#039;, os.name: &#039;Windows 10&#039;, os.arch: &#039;amd64&#039;, os.version: &#039;10.0&#039;, java.version: &#039;17.0.1&#039;
Driver info: driver.version: unknown
Build info: version: &#039;4.0.0&#039;, revision: &#039;3a21814679&#039;
System info: host: &#039;DESKTOP-EI1MF8H&#039;, ip: &#039;192.168.31.17&#039;, os.name: &#039;Windows 10&#039;, os.arch: &#039;amd64&#039;, os.version: &#039;10.0&#039;, java.version: &#039;17.0.1&#039;
Driver info: org.openqa.selenium.remote.RemoteWebDriver
Command: [null, newSession {capabilities=[Capabilities {acceptInsecureCerts: true, browserName: firefox, moz:debuggerAddress: true, moz:firefoxOptions: {}}], desiredCapabilities=Capabilities {acceptInsecureCerts: true, browserName: firefox, moz:debuggerAddress: true, moz:firefoxOptions: {}}}]
Capabilities {}" type="org.openqa.selenium.SessionNotCreatedException">
      <![CDATA[org.openqa.selenium.SessionNotCreatedException: Could not start a new session. Response code 500. Message: Unable to create new service: GeckoDriverService
Build info: version: '3.5.3', revision: 'a88d25fe6b', time: '2017-08-29T12:54:15.039Z'
System info: host: 'DESKTOP-EI1MF8H', ip: '192.168.31.17', os.name: 'Windows 10', os.arch: 'amd64', os.version: '10.0', java.version: '17.0.1'
Driver info: driver.version: unknown
Build info: version: '4.0.0', revision: '3a21814679'
System info: host: 'DESKTOP-EI1MF8H', ip: '192.168.31.17', os.name: 'Windows 10', os.arch: 'amd64', os.version: '10.0', java.version: '17.0.1'
Driver info: org.openqa.selenium.remote.RemoteWebDriver
Command: [null, newSession {capabilities=[Capabilities {acceptInsecureCerts: true, browserName: firefox, moz:debuggerAddress: true, moz:firefoxOptions: {}}], desiredCapabilities=Capabilities {acceptInsecureCerts: true, browserName: firefox, moz:debuggerAddress: true, moz:firefoxOptions: {}}}]
Capabilities {}
at org.openqa.selenium.remote.ProtocolHandshake.createSession(ProtocolHandshake.java:126)
at org.openqa.selenium.remote.ProtocolHandshake.createSession(ProtocolHandshake.java:84)
at org.openqa.selenium.remote.ProtocolHandshake.createSession(ProtocolHandshake.java:62)
at org.openqa.selenium.remote.HttpCommandExecutor.execute(HttpCommandExecutor.java:156)
at org.openqa.selenium.remote.TracedCommandExecutor.execute(TracedCommandExecutor.java:39)
at org.openqa.selenium.remote.RemoteWebDriver.execute(RemoteWebDriver.java:559)
at org.openqa.selenium.remote.RemoteWebDriver.startSession(RemoteWebDriver.java:246)
at org.openqa.selenium.remote.RemoteWebDriver.<init>(RemoteWebDriver.java:168)
at org.openqa.selenium.remote.RemoteWebDriver.<init>(RemoteWebDriver.java:146)
at superAdmin.Clients.setup(Clients.java:69)
at java.base/jdk.internal.reflect.NativeMethodAccessorImpl.invoke0(Native Method)
at java.base/jdk.internal.reflect.NativeMethodAccessorImpl.invoke(NativeMethodAccessorImpl.java:77)
at java.base/jdk.internal.reflect.DelegatingMethodAccessorImpl.invoke(DelegatingMethodAccessorImpl.java:43)
at java.base/java.lang.reflect.Method.invoke(Method.java:568)
at org.testng.internal.MethodInvocationHelper.invokeMethod(MethodInvocationHelper.java:133)
at org.testng.internal.MethodInvocationHelper.invokeMethodConsideringTimeout(MethodInvocationHelper.java:62)
at org.testng.internal.ConfigInvoker.invokeConfigurationMethod(ConfigInvoker.java:385)
at org.testng.internal.ConfigInvoker.invokeConfigurations(ConfigInvoker.java:321)
at org.testng.TestRunner.invokeTestConfigurations(TestRunner.java:637)
at org.testng.TestRunner.beforeRun(TestRunner.java:627)
at org.testng.TestRunner.run(TestRunner.java:589)
at org.testng.SuiteRunner.runTest(SuiteRunner.java:377)
at org.testng.SuiteRunner.access$000(SuiteRunner.java:28)
at org.testng.SuiteRunner$SuiteWorker.run(SuiteRunner.java:418)
at org.testng.internal.thread.ThreadUtil.lambda$execute$0(ThreadUtil.java:64)
at java.base/java.util.concurrent.FutureTask.run(FutureTask.java:264)
at java.base/java.util.concurrent.ThreadPoolExecutor.runWorker(ThreadPoolExecutor.java:1136)
at java.base/java.util.concurrent.ThreadPoolExecutor$Worker.run(ThreadPoolExecutor.java:635)
at java.base/java.lang.Thread.run(Thread.java:833)
]]>
    </error>
  </testcase> <!-- setup -->
  <system-out/>
  <testcase classname="superAdmin.Clients" name="verifyElemntsOnPageTest" time="0.000">
    <skipped/>
  </testcase> <!-- verifyElemntsOnPageTest -->
  <system-out/>
  <testcase classname="superAdmin.Clients" name="login" time="0.000">
    <skipped/>
  </testcase> <!-- login -->
  <system-out/>
  <testcase classname="superAdmin.Clients" name="checkClientList" time="0.000">
    <skipped/>
  </testcase> <!-- checkClientList -->
  <system-out/>
  <testcase classname="superAdmin.Clients" name="checkClientProfile" time="0.000">
    <skipped/>
  </testcase> <!-- checkClientProfile -->
  <system-out/>
  <testcase classname="superAdmin.Clients" name="changeStatusToInactive" time="0.000">
    <skipped/>
  </testcase> <!-- changeStatusToInactive -->
  <system-out/>
  <testcase classname="superAdmin.Clients" name="changeStatusToActive" time="0.000">
    <skipped/>
  </testcase> <!-- changeStatusToActive -->
  <system-out/>
  <testcase classname="superAdmin.Clients" name="checkLocationStatus" time="0.000">
    <skipped/>
  </testcase> <!-- checkLocationStatus -->
  <system-out/>
  <testcase classname="superAdmin.Clients" name="checkPatientStatus" time="0.000">
    <skipped/>
  </testcase> <!-- checkPatientStatus -->
  <system-out/>
  <testcase classname="superAdmin.Clients" name="search" time="0.000">
    <skipped/>
  </testcase> <!-- search -->
  <system-out/>
  <testcase classname="superAdmin.Clients" name="checkClientTypeList" time="0.000">
    <skipped/>
  </testcase> <!-- checkClientTypeList -->
  <system-out/>
  <testcase classname="superAdmin.Clients" name="addNewClientGroup" time="0.000">
    <skipped/>
  </testcase> <!-- addNewClientGroup -->
  <system-out/>
  <testcase classname="superAdmin.Clients" name="editClientGroup" time="0.000">
    <skipped/>
  </testcase> <!-- editClientGroup -->
  <system-out/>
  <testcase classname="superAdmin.Clients" name="nameSort" time="0.000">
    <skipped/>
  </testcase> <!-- nameSort -->
  <system-out/>
  <testcase classname="superAdmin.Clients" name="typeSort" time="0.000">
    <skipped/>
  </testcase> <!-- typeSort -->
  <system-out/>
</testsuite> <!-- superAdmin.Clients -->
