<?xml version="1.0" encoding="UTF-8"?>
<!-- Generated by org.testng.reporters.JUnitReportReporter -->
<testsuite hostname="DESKTOP-EI1MF8H" failures="0" tests="11" name="test.Contacts" time="298.310" errors="0" timestamp="2021-11-28T14:54:01 BDT" skipped="0">
  <testcase classname="test.Contacts" name="loginUser" time="10.974"/>
  <system-out/>
  <testcase classname="test.Contacts" name="removeContact" time="24.827"/>
  <system-out/>
  <testcase classname="test.Contacts" name="editContact" time="35.111"/>
  <system-out/>
  <testcase classname="test.Contacts" name="addContact" time="20.372"/>
  <system-out/>
  <testcase classname="test.Contacts" name="closeEditForm" time="24.892"/>
  <system-out/>
  <testcase classname="test.Contacts" name="search" time="24.346"/>
  <system-out/>
  <testcase classname="test.Contacts" name="cancelAddNewForm" time="24.452"/>
  <system-out/>
  <testcase classname="test.Contacts" name="emptyContactData" time="49.242"/>
  <system-out/>
  <testcase classname="test.Contacts" name="contactList" time="16.283"/>
  <system-out/>
  <testcase classname="test.Contacts" name="closeAddNewForm" time="24.634"/>
  <system-out/>
  <testcase classname="test.Contacts" name="validContactData" time="43.177"/>
  <system-out/>
</testsuite> <!-- test.Contacts -->
