<?xml version="1.0" encoding="UTF-8"?>
<!-- Generated by org.testng.reporters.JUnitReportReporter -->
<testsuite hostname="DESKTOP-EI1MF8H" failures="0" tests="1" name="normalUser.Dashboard" time="19.106" errors="0" timestamp="2022-01-07T21:04:41 BDT" skipped="0">
  <testcase classname="normalUser.Dashboard" name="validateEmailDataOnPatient" time="19.106"/>
  <system-out/>
</testsuite> <!-- normalUser.Dashboard -->
