<?xml version="1.0" encoding="UTF-8"?>
<!-- Generated by org.testng.reporters.JUnitReportReporter -->
<testsuite hostname="DESKTOP-EI1MF8H" failures="0" tests="1" name="test.Users" time="34.197" errors="0" timestamp="2021-12-27T15:55:43 BDT" skipped="0">
  <testcase classname="test.Users" name="resetButton" time="34.197"/>
  <system-out/>
</testsuite> <!-- test.Users -->
