<?xml version="1.0" encoding="UTF-8"?>
<!-- Generated by org.testng.reporters.JUnitReportReporter -->
<testsuite hostname="DESKTOP-EI1MF8H" failures="0" tests="7" name="test.User_Profile" time="150.441" errors="0" timestamp="2021-12-27T14:48:54 BDT" skipped="0">
  <testcase classname="test.User_Profile" name="loginUser" time="9.087"/>
  <system-out/>
  <testcase classname="test.User_Profile" name="userProfile" time="20.802"/>
  <system-out/>
  <testcase classname="test.User_Profile" name="addPhone" time="24.836"/>
  <system-out/>
  <testcase classname="test.User_Profile" name="addGender" time="20.643"/>
  <system-out/>
  <testcase classname="test.User_Profile" name="updateEmail" time="23.053"/>
  <system-out/>
  <testcase classname="test.User_Profile" name="addAddress" time="27.877"/>
  <system-out/>
  <testcase classname="test.User_Profile" name="changePassword" time="24.143"/>
  <system-out/>
</testsuite> <!-- test.User_Profile -->
