<?xml version="1.0" encoding="UTF-8"?>
<!-- Generated by org.testng.reporters.JUnitReportReporter -->
<testsuite hostname="DESKTOP-EI1MF8H" failures="0" tests="1" name="test.Registration" time="40.583" errors="0" timestamp="2021-12-02T18:18:51 BDT" skipped="0">
  <testcase classname="test.Registration" name="emailValidationTest" time="40.583"/>
  <system-out/>
</testsuite> <!-- test.Registration -->
